Started by timer
[Tue Jan 18 18:16:14 UTC 2022] Starting branch indexing...
[8mha:////4DOKznbYawsps1x4NQYahN/m123eyuHTmosVXBVYRIGsAAAAhB+LCAAAAAAAAP9b85aBtbiIwSa/KF0vKzUvOzOvODlTryCnNB3I0kvPLMkoTYpPKkrMS86IL84vLUpO1XPPLPEoTXLOzyvOz0n1yy9JZYAARiYGRi8GzpLM3NTiksTcgooiBqmM0pTi/Dy9ZIhiPayaGCoKgHRdXnrUdgBFs/nkjgAAAA==[0mConnecting to https://api.github.com with no credentials, anonymous access
Examining [8mha:////4MIooVIJ6CIiyOaty6qjRlMbVmjrX0BK2Qx5gAHrL2MyAAAApx+LCAAAAAAAAP9b85aBtbiIQSajNKU4P08vOT+vOD8nVc+jsiC1KCczL9svvyTVzHb1RttJBUeZGJg8GdhyUvPSSzJ8GJhLi3JKGIR8shLLEvVzEvPS9YNLijLz0q0rihik0IxzhtAgwxgggJGJgaGiAMgQK2HQzCgpKSi20tdPzyzJKE0C6srVL8nPLU/MyanM0weZr5uVmpedmVcMAIz08fOuAAAA[0mtomwallyn/java-jenkins

  Checking branches...

  Getting remote branches...

    Checking branch [8mha:////4DNQhwSloC42V7BSE3lV4bWvuejnCXiwlKLSLMrffOmhAAAAsB+LCAAAAAAAAP9dzLENwjAQBdAjiAxAiViBuIIClIoGpIiGCQycbCfO2bIvkKzBGtAwBOOwA4no+M3/zX/PD0xigLluLtFRdnYUncVs13kM1lB1cIyr/PHK7/6dQLKH1CIp1gWMm2AZpkUpr1JYSUocORhSmzbA7I/b/nrA4JdRAtD6fqQMS83s41oIZVg3p/5VC3b1TVrbkRj8RYlUGYqCA6KoZWQMX3ip6cq6AAAA[0mmaster

  Getting remote pull requests...
      ‘Jenkinsfile’ found
    Met criteria
No changes detected: master (still at ac8afc3b15260a6bd8348336abe7e49c8494e3a3)

    Checking branch [8mha:////4PsRfzYZ4i7ppE7ATT4qWeLrow2LLA2I2rdxG26M7sxcAAAAtR+LCAAAAAAAAP9djEEOwUAUhp8Ka7EUV9C3syBiYUPS2DjB4LUz7XjTzLzSXsM12DiE47gDUiv/5v/zJf93f0EveBjr6hgcxwfHwVmK101J3houtk5ourg9FtfyGUG0gb4lzkQn0K28FRgmuTortIoz3Ik3nM1rD6M/3artrwzadCKAuvyMgcBSi5RhhpgZ0dX+8zqhuNNFWdswfv2TnLgwHFA8EaakBH8kNZbeGI+9dcQAAAA=[0mfeat/jenkinsfile
      ‘Jenkinsfile’ not found
    Does not meet criteria

    Checking branch [8mha:////4CLu30PYPDJoNfPiZdMXojKay94nkPVE7NRV9WkC/kKtAAAAsB+LCAAAAAAAAP9djLENwjAURD9BQE+JWIG4SwFKRQNSRMMEhli2E+fbsn9CsgZrQMMQjMMOJKTjmjs96d7zA7PgYa3qPFiMrxaDNSI+dE54o7E8WRJJ+nild/eOIDrC3AiUpDKY1t4QLLOCN5wZjpKdyWuUu9bD6k+3H3uQwZhJBNC6fiwIEkXkwpYxqUnVl/5VMbLVjRvTIRv8m0JgqTEw8kL8SC6aL3IJcne7AAAA[0mjavadev
      ‘Jenkinsfile’ found
    Met criteria
No changes detected: javadev (still at bfbd7610d27b649e65a891ffdbaea765af5b8245)

  3 branches were processed

  Checking pull-requests...

  0 pull requests were processed

Finished examining tomwallyn/java-jenkins

[Tue Jan 18 18:16:15 UTC 2022] Finished branch indexing. Indexing took 1 sec
Finished: SUCCESS
