Started at Fri Feb 11 08:30:53 UTC 2022
Processing Java-Project/javadev
Offering Java-Project/javadev to Project Build Discarder
Processing Java-Project/master
Offering Java-Project/master to Project Build Discarder
Processing java-jenkins/checkstyleFix
Offering java-jenkins/checkstyleFix to Project Build Discarder
Processing java-jenkins/cucumber
Offering java-jenkins/cucumber to Project Build Discarder
Processing java-jenkins/feat%2Fjenkins
Offering java-jenkins/feat%2Fjenkins to Project Build Discarder
Processing java-jenkins/feat%2Freadme
Offering java-jenkins/feat%2Freadme to Project Build Discarder
Processing java-jenkins/javadev
Offering java-jenkins/javadev to Project Build Discarder
Processing java-jenkins/master
Offering java-jenkins/master to Project Build Discarder
Finished at Fri Feb 11 08:30:53 UTC 2022. 6ms
Started at Fri Feb 11 09:30:54 UTC 2022
Processing Java-Project/javadev
Offering Java-Project/javadev to Project Build Discarder
Processing Java-Project/master
Offering Java-Project/master to Project Build Discarder
Processing java-jenkins/checkstyleFix
Offering java-jenkins/checkstyleFix to Project Build Discarder
Processing java-jenkins/cucumber
Offering java-jenkins/cucumber to Project Build Discarder
Processing java-jenkins/feat%2Fjenkins
Offering java-jenkins/feat%2Fjenkins to Project Build Discarder
Processing java-jenkins/feat%2Freadme
Offering java-jenkins/feat%2Freadme to Project Build Discarder
Processing java-jenkins/javadev
Offering java-jenkins/javadev to Project Build Discarder
Processing java-jenkins/master
Offering java-jenkins/master to Project Build Discarder
Finished at Fri Feb 11 09:30:54 UTC 2022. 3ms
Started at Fri Feb 11 10:30:54 UTC 2022
Processing Java-Project/javadev
Offering Java-Project/javadev to Project Build Discarder
Processing Java-Project/master
Offering Java-Project/master to Project Build Discarder
Processing java-jenkins/checkstyleFix
Offering java-jenkins/checkstyleFix to Project Build Discarder
Processing java-jenkins/cucumber
Offering java-jenkins/cucumber to Project Build Discarder
Processing java-jenkins/feat%2Fjenkins
Offering java-jenkins/feat%2Fjenkins to Project Build Discarder
Processing java-jenkins/feat%2Freadme
Offering java-jenkins/feat%2Freadme to Project Build Discarder
Processing java-jenkins/javadev
Offering java-jenkins/javadev to Project Build Discarder
Processing java-jenkins/master
Offering java-jenkins/master to Project Build Discarder
Finished at Fri Feb 11 10:30:54 UTC 2022. 2ms
